<?xml version="1.0" encoding="UTF-8"?>
<!-- Generated by org.testng.reporters.JUnitXMLReporter -->
<testsuite hostname="MacBook-Pro.local" ignored="0" name="Login" tests="4" failures="0" timestamp="08 Jun 2021 00:13:40 GMT" time="97.925" errors="0">
  <testcase name="verifyFillFormFunctionality" time="12.038" classname="com.web.avaamo.testcases.AvaamoTestRunner"/>
  <testcase name="verifyNewTestFunctionality" time="5.902" classname="com.web.avaamo.testcases.AvaamoTestRunner"/>
  <testcase name="verifyStartOverMenuOption" time="3.529" classname="com.web.avaamo.testcases.AvaamoTestRunner"/>
  <testcase name="verifyWelcomeScreen" time="1.597" classname="com.web.avaamo.testcases.AvaamoTestRunner"/>
</testsuite> <!-- Login -->
