<?xml version="1.0" encoding="UTF-8"?>
<!-- Generated by org.testng.reporters.JUnitXMLReporter -->
<testsuite hostname="MacBook-Pro.local" ignored="0" name="Login" tests="4" failures="0" timestamp="07 Jun 2021 23:44:48 GMT" time="49.843" errors="0">
  <testcase name="verifyFillFormFunctionality" time="8.598" classname="com.web.avaamo.testcases.AvaamoTestRunner"/>
  <testcase name="verifyNewTestFunctionality" time="2.025" classname="com.web.avaamo.testcases.AvaamoTestRunner"/>
  <testcase name="verifyStartOverMenuOption" time="2.437" classname="com.web.avaamo.testcases.AvaamoTestRunner"/>
  <testcase name="verifyWelcomeScreen" time="0.31" classname="com.web.avaamo.testcases.AvaamoTestRunner"/>
</testsuite> <!-- Login -->
